TN:
SF:components/LanguageSwitchButton.tsx
FN:5,LanguageSwitchButton
FN:8,toggleLanguage
FNF:2
FNH:2
FNDA:17,LanguageSwitchButton
FNDA:4,toggleLanguage
DA:1,1
DA:2,1
DA:3,1
DA:4,1
DA:5,1
DA:6,17
DA:7,17
DA:8,17
DA:9,4
DA:10,4
DA:11,17
DA:12,17
DA:13,17
DA:14,17
DA:15,17
DA:16,17
DA:17,17
DA:18,17
DA:19,17
DA:20,17
DA:21,17
DA:22,17
DA:23,17
DA:24,17
DA:25,17
DA:26,17
DA:27,17
DA:28,17
DA:29,17
DA:30,17
DA:31,17
DA:32,17
LF:32
LH:32
BRDA:5,0,0,17
BRDA:26,1,0,11
BRDA:26,2,0,6
BRDA:29,3,0,11
BRDA:29,4,0,6
BRDA:8,5,0,4
BRDA:9,6,0,3
BRDA:9,7,0,1
BRF:8
BRH:8
end_of_record
TN:
SF:components/ModeSwitcher.tsx
FN:18,ModeSwitcher
FN:26,getLabel
FN:41,onClick
FNF:3
FNH:3
FNDA:45,ModeSwitcher
FNDA:135,getLabel
FNDA:8,onClick
DA:1,1
DA:2,1
DA:3,1
DA:4,1
DA:5,1
DA:6,1
DA:7,1
DA:8,1
DA:9,1
DA:10,1
DA:11,1
DA:12,1
DA:13,1
DA:14,1
DA:15,1
DA:16,1
DA:17,1
DA:18,1
DA:19,45
DA:20,45
DA:21,45
DA:22,45
DA:23,45
DA:24,45
DA:25,45
DA:26,45
DA:27,135
DA:28,135
DA:29,135
DA:30,45
DA:31,45
DA:32,45
DA:33,45
DA:34,45
DA:35,45
DA:36,45
DA:37,135
DA:38,135
DA:39,135
DA:40,135
DA:41,135
DA:42,135
DA:43,135
DA:44,135
DA:45,135
DA:46,3
DA:47,1
DA:48,2
DA:49,135
DA:50,132
DA:51,44
DA:52,88
DA:53,135
DA:54,135
DA:55,135
DA:56,135
DA:57,135
DA:58,135
DA:59,135
DA:60,135
DA:61,135
DA:62,45
DA:63,45
DA:64,45
LF:64
LH:64
BRDA:18,0,0,45
BRDA:33,1,0,1
BRDA:33,2,0,44
BRDA:26,3,0,135
BRDA:28,4,0,6
BRDA:28,5,0,0
BRDA:28,6,0,129
BRDA:28,7,0,0
BRDA:27,8,0,270
BRDA:36,9,0,135
BRDA:45,10,0,3
BRDA:46,11,0,1
BRDA:47,12,0,2
BRDA:50,13,0,132
BRDA:50,14,0,44
BRDA:51,15,0,88
BRDA:41,16,0,8
BRF:17
BRH:15
end_of_record
TN:
SF:components/PaperCard.tsx
FN:13,StarRating
FN:41,PaperCard
FN:48,clearFadeTimeout
FN:65,triggerFade
FN:75,handleModeChange
FN:81,getModeLabel
FNF:6
FNH:6
FNDA:33,StarRating
FNDA:34,PaperCard
FNDA:27,clearFadeTimeout
FNDA:5,triggerFade
FNDA:5,handleModeChange
FNDA:34,getModeLabel
DA:1,1
DA:2,1
DA:3,1
DA:4,1
DA:5,1
DA:6,1
DA:7,1
DA:8,1
DA:9,1
DA:10,1
DA:11,1
DA:12,1
DA:13,33
DA:14,33
DA:15,33
DA:16,33
DA:17,33
DA:18,33
DA:19,33
DA:20,165
DA:21,165
DA:22,165
DA:23,165
DA:24,165
DA:25,153
DA:26,153
DA:27,153
DA:28,153
DA:29,153
DA:30,153
DA:31,153
DA:32,165
DA:33,165
DA:34,165
DA:35,33
DA:36,33
DA:37,33
DA:38,33
DA:39,33
DA:40,1
DA:41,1
DA:42,34
DA:43,34
DA:44,34
DA:45,34
DA:46,34
DA:47,34
DA:48,34
DA:49,27
DA:50,1
DA:51,1
DA:52,1
DA:53,27
DA:54,34
DA:55,34
DA:56,34
DA:57,23
DA:58,1
DA:59,1
DA:60,1
DA:61,34
DA:62,34
DA:63,34
DA:64,34
DA:65,34
DA:66,5
DA:67,5
DA:68,5
DA:69,4
DA:70,4
DA:71,4
DA:72,5
DA:73,5
DA:74,34
DA:75,34
DA:76,5
DA:77,4
DA:78,4
DA:79,34
DA:80,34
DA:81,34
DA:82,34
DA:83,34
DA:84,34
DA:85,34
DA:86,34
DA:87,34
DA:88,34
DA:89,34
DA:90,34
DA:91,34
DA:92,34
DA:93,34
DA:94,34
DA:95,34
DA:96,34
DA:97,34
DA:98,34
DA:99,34
DA:100,34
DA:101,34
DA:102,34
DA:103,34
DA:104,34
DA:105,34
DA:106,34
DA:107,34
DA:108,34
DA:109,34
DA:110,34
DA:111,34
DA:112,34
DA:113,34
DA:114,34
DA:115,34
DA:116,34
DA:117,34
DA:118,34
DA:119,34
DA:120,34
DA:121,34
DA:122,34
DA:123,34
DA:124,34
DA:125,34
DA:126,34
DA:127,34
DA:128,34
DA:129,34
DA:130,34
DA:131,34
DA:132,34
DA:133,34
DA:134,34
DA:135,34
DA:136,34
DA:137,34
DA:138,34
DA:139,34
DA:140,34
DA:141,34
DA:142,34
DA:143,34
DA:144,34
DA:145,34
DA:146,34
DA:147,34
DA:148,34
DA:149,34
DA:150,34
DA:151,34
DA:152,34
DA:153,34
DA:154,34
DA:155,34
DA:156,34
DA:157,34
DA:158,34
DA:159,34
DA:160,34
DA:161,34
DA:162,34
DA:163,34
DA:164,34
DA:165,34
DA:166,34
DA:167,34
DA:168,34
DA:169,34
DA:170,34
DA:171,34
DA:172,34
DA:173,34
DA:174,34
DA:175,34
DA:176,34
DA:177,34
DA:178,34
DA:179,34
DA:180,34
DA:181,34
DA:182,34
DA:183,34
DA:184,34
DA:185,34
DA:186,34
DA:187,34
DA:188,34
LF:188
LH:188
BRDA:13,0,0,33
BRDA:19,1,0,165
BRDA:24,2,0,153
BRDA:31,3,0,12
BRDA:41,4,0,34
BRDA:157,5,0,29
BRDA:157,6,0,5
BRDA:161,7,0,29
BRDA:161,8,0,5
BRDA:48,9,0,27
BRDA:49,10,0,1
BRDA:56,11,0,23
BRDA:57,12,0,1
BRDA:63,13,0,22
BRDA:65,14,0,5
BRDA:68,15,0,4
BRDA:75,16,0,5
BRDA:76,17,0,1
BRDA:76,18,0,4
BRDA:81,19,0,34
BRDA:87,20,0,1
BRDA:87,21,0,33
BRF:22
BRH:22
end_of_record
TN:
SF:contexts/LanguageContext.tsx
FN:68,LanguageProvider
FN:80,handleSetLanguage
FN:85,t
FN:96,useLanguage
FNF:4
FNH:4
FNDA:72,LanguageProvider
FNDA:9,handleSetLanguage
FNDA:91,t
FNDA:119,useLanguage
DA:1,1
DA:2,1
DA:3,1
DA:4,1
DA:5,1
DA:6,1
DA:7,1
DA:8,1
DA:9,1
DA:10,1
DA:11,1
DA:12,1
DA:13,1
DA:14,1
DA:15,1
DA:16,1
DA:17,1
DA:18,1
DA:19,1
DA:20,1
DA:21,1
DA:22,1
DA:23,1
DA:24,1
DA:25,1
DA:26,1
DA:27,1
DA:28,1
DA:29,1
DA:30,1
DA:31,1
DA:32,1
DA:33,1
DA:34,1
DA:35,1
DA:36,1
DA:37,1
DA:38,1
DA:39,1
DA:40,1
DA:41,1
DA:42,1
DA:43,1
DA:44,1
DA:45,1
DA:46,1
DA:47,1
DA:48,1
DA:49,1
DA:50,1
DA:51,1
DA:52,1
DA:53,1
DA:54,1
DA:55,1
DA:56,1
DA:57,1
DA:58,1
DA:59,1
DA:60,1
DA:61,1
DA:62,1
DA:63,1
DA:64,1
DA:65,1
DA:66,1
DA:67,1
DA:68,1
DA:69,72
DA:70,72
DA:71,72
DA:72,72
DA:73,54
DA:74,54
DA:75,8
DA:76,8
DA:77,72
DA:78,72
DA:79,72
DA:80,72
DA:81,9
DA:82,9
DA:83,9
DA:84,72
DA:85,72
DA:86,91
DA:87,91
DA:88,72
DA:89,72
DA:90,72
DA:91,72
DA:92,72
DA:93,72
DA:94,72
DA:95,1
DA:96,1
DA:97,119
DA:98,119
DA:99,4
DA:100,4
DA:101,114
DA:102,114
LF:102
LH:102
BRDA:68,0,0,72
BRDA:72,1,0,54
BRDA:74,2,0,9
BRDA:74,3,0,8
BRDA:74,4,0,8
BRDA:80,5,0,9
BRDA:85,6,0,91
BRDA:86,7,0,1
BRDA:96,8,0,119
BRDA:98,9,0,4
BRDA:100,10,0,114
BRF:11
BRH:11
end_of_record
TN:
SF:data/papers.ts
FN:24,getSummaryText
FNF:1
FNH:1
FNDA:100,getSummaryText
DA:1,1
DA:2,1
DA:3,1
DA:4,1
DA:5,1
DA:6,1
DA:7,1
DA:8,1
DA:9,1
DA:10,1
DA:11,1
DA:12,1
DA:13,1
DA:14,1
DA:15,1
DA:16,1
DA:17,1
DA:18,1
DA:19,1
DA:20,1
DA:21,1
DA:22,1
DA:23,1
DA:24,1
DA:25,100
DA:26,3
DA:27,3
DA:28,100
DA:29,100
DA:30,1
DA:31,1
DA:32,1
DA:33,1
DA:34,1
DA:35,1
DA:36,1
DA:37,1
DA:38,1
DA:39,1
DA:40,1
DA:41,1
DA:42,1
DA:43,1
DA:44,1
DA:45,1
DA:46,1
DA:47,1
DA:48,1
DA:49,1
DA:50,1
DA:51,1
DA:52,1
DA:53,1
DA:54,1
DA:55,1
DA:56,1
DA:57,1
DA:58,1
DA:59,1
DA:60,1
DA:61,1
DA:62,1
DA:63,1
DA:64,1
DA:65,1
DA:66,1
DA:67,1
DA:68,1
DA:69,1
DA:70,1
DA:71,1
DA:72,1
DA:73,1
DA:74,1
DA:75,1
DA:76,1
DA:77,1
DA:78,1
DA:79,1
DA:80,1
DA:81,1
DA:82,1
DA:83,1
DA:84,1
DA:85,1
DA:86,1
DA:87,1
DA:88,1
DA:89,1
DA:90,1
DA:91,1
DA:92,1
DA:93,1
DA:94,1
DA:95,1
DA:96,1
DA:97,1
DA:98,1
DA:99,1
DA:100,1
DA:101,1
DA:102,1
DA:103,1
DA:104,1
DA:105,1
DA:106,1
DA:107,1
DA:108,1
DA:109,1
DA:110,1
DA:111,1
DA:112,1
DA:113,1
DA:114,1
DA:115,1
DA:116,1
DA:117,1
DA:118,1
DA:119,1
DA:120,1
DA:121,1
DA:122,1
DA:123,1
DA:124,1
DA:125,1
DA:126,1
DA:127,1
DA:128,1
DA:129,1
DA:130,1
DA:131,1
DA:132,1
DA:133,1
DA:134,1
DA:135,1
DA:136,1
DA:137,1
DA:138,1
DA:139,1
DA:140,1
DA:141,1
DA:142,1
DA:143,1
DA:144,1
DA:145,1
DA:146,1
DA:147,1
DA:148,1
DA:149,1
DA:150,1
DA:151,1
DA:152,1
DA:153,1
DA:154,1
DA:155,1
DA:156,1
DA:157,1
DA:158,1
DA:159,1
DA:160,1
DA:161,1
DA:162,1
DA:163,1
DA:164,1
DA:165,1
DA:166,1
DA:167,1
DA:168,1
DA:169,1
DA:170,1
DA:171,1
DA:172,1
DA:173,1
DA:174,1
DA:175,1
DA:176,1
DA:177,1
DA:178,1
DA:179,1
DA:180,1
DA:181,1
DA:182,1
DA:183,1
DA:184,1
DA:185,1
DA:186,1
DA:187,1
DA:188,1
DA:189,1
DA:190,1
DA:191,1
DA:192,1
DA:193,1
DA:194,1
DA:195,1
DA:196,1
DA:197,1
DA:198,1
DA:199,1
DA:200,1
DA:201,1
DA:202,1
DA:203,1
DA:204,1
DA:205,1
DA:206,1
DA:207,1
DA:208,1
DA:209,1
DA:210,1
DA:211,1
DA:212,1
DA:213,1
DA:214,1
DA:215,1
DA:216,1
DA:217,1
DA:218,1
DA:219,1
DA:220,1
DA:221,1
DA:222,1
DA:223,1
DA:224,1
DA:225,1
DA:226,1
DA:227,1
DA:228,1
DA:229,1
DA:230,1
DA:231,1
DA:232,1
DA:233,1
DA:234,1
DA:235,1
DA:236,1
DA:237,1
DA:238,1
DA:239,1
DA:240,1
DA:241,1
DA:242,1
DA:243,1
DA:244,1
DA:245,1
DA:246,1
DA:247,1
DA:248,1
DA:249,1
DA:250,1
DA:251,1
DA:252,1
DA:253,1
DA:254,1
DA:255,1
DA:256,1
DA:257,1
LF:257
LH:257
BRDA:24,0,0,100
BRDA:25,1,0,3
BRDA:27,2,0,97
BRDA:28,3,0,2
BRDA:28,4,0,1
BRF:5
BRH:5
end_of_record
